2017-02-15 14:14:58,962 [Worker-11] INFO  o.e.m.c.i.i.nexus.NexusIndexManager - Updating index for repository: central|https://repo.maven.apache.org/maven2
2017-02-15 14:16:00,869 [Worker-11] ERROR o.e.m.c.i.i.nexus.NexusIndexManager - Unable to update index for central|https://repo.maven.apache.org/maven2
java.io.IOException: There is not enough space on the disk
	at java.io.RandomAccessFile.writeBytes(Native Method) ~[na:1.8.0_66]
	at java.io.RandomAccessFile.write(RandomAccessFile.java:525) ~[na:1.8.0_66]
	at org.apache.lucene.store.FSDirectory$FSIndexOutput.flushBuffer(FSDirectory.java:645) ~[lucene-core-2.4.1.jar:2.4.1 750176 - 2009-03-04 21:56:52]
	at org.apache.lucene.store.BufferedIndexOutput.flushBuffer(BufferedIndexOutput.java:96) ~[lucene-core-2.4.1.jar:2.4.1 750176 - 2009-03-04 21:56:52]
	at org.apache.lucene.store.BufferedIndexOutput.flush(BufferedIndexOutput.java:85) ~[lucene-core-2.4.1.jar:2.4.1 750176 - 2009-03-04 21:56:52]
	at org.apache.lucene.store.BufferedIndexOutput.writeBytes(BufferedIndexOutput.java:75) ~[lucene-core-2.4.1.jar:2.4.1 750176 - 2009-03-04 21:56:52]
	at org.apache.lucene.index.TermInfosWriter.writeTerm(TermInfosWriter.java:207) ~[lucene-core-2.4.1.jar:2.4.1 750176 - 2009-03-04 21:56:52]
	at org.apache.lucene.index.TermInfosWriter.add(TermInfosWriter.java:171) ~[lucene-core-2.4.1.jar:2.4.1 750176 - 2009-03-04 21:56:52]
	at org.apache.lucene.index.TermInfosWriter.add(TermInfosWriter.java:109) ~[lucene-core-2.4.1.jar:2.4.1 750176 - 2009-03-04 21:56:52]
	at org.apache.lucene.index.SegmentMerger.mergeTermInfo(SegmentMerger.java:594) ~[lucene-core-2.4.1.jar:2.4.1 750176 - 2009-03-04 21:56:52]
	at org.apache.lucene.index.SegmentMerger.mergeTermInfos(SegmentMerger.java:547) ~[lucene-core-2.4.1.jar:2.4.1 750176 - 2009-03-04 21:56:52]
	at org.apache.lucene.index.SegmentMerger.mergeTerms(SegmentMerger.java:500) ~[lucene-core-2.4.1.jar:2.4.1 750176 - 2009-03-04 21:56:52]
	at org.apache.lucene.index.SegmentMerger.merge(SegmentMerger.java:140) ~[lucene-core-2.4.1.jar:2.4.1 750176 - 2009-03-04 21:56:52]
	at org.apache.lucene.index.IndexWriter.mergeMiddle(IndexWriter.java:4231) ~[lucene-core-2.4.1.jar:2.4.1 750176 - 2009-03-04 21:56:52]
	at org.apache.lucene.index.IndexWriter.merge(IndexWriter.java:3884) ~[lucene-core-2.4.1.jar:2.4.1 750176 - 2009-03-04 21:56:52]
	at org.apache.lucene.index.SerialMergeScheduler.merge(SerialMergeScheduler.java:36) ~[lucene-core-2.4.1.jar:2.4.1 750176 - 2009-03-04 21:56:52]
	at org.apache.lucene.index.IndexWriter.maybeMerge(IndexWriter.java:2417) ~[lucene-core-2.4.1.jar:2.4.1 750176 - 2009-03-04 21:56:52]
	at org.apache.lucene.index.IndexWriter.optimize(IndexWriter.java:2261) ~[lucene-core-2.4.1.jar:2.4.1 750176 - 2009-03-04 21:56:52]
	at org.apache.lucene.index.IndexWriter.optimize(IndexWriter.java:2218) ~[lucene-core-2.4.1.jar:2.4.1 750176 - 2009-03-04 21:56:52]
	at org.apache.lucene.index.IndexWriter.optimize(IndexWriter.java:2198) ~[lucene-core-2.4.1.jar:2.4.1 750176 - 2009-03-04 21:56:52]
	at org.apache.maven.index.context.DefaultIndexingContext.optimize(DefaultIndexingContext.java:530) ~[indexer-core-3.1.0.jar:3.1.0]
	at org.apache.maven.index.context.IndexUtils.rebuildGroups(IndexUtils.java:210) ~[indexer-core-3.1.0.jar:3.1.0]
	at org.apache.maven.index.context.DefaultIndexingContext.rebuildGroups(DefaultIndexingContext.java:762) ~[indexer-core-3.1.0.jar:3.1.0]
	at org.apache.maven.index.context.DefaultIndexingContext.merge(DefaultIndexingContext.java:688) ~[indexer-core-3.1.0.jar:3.1.0]
	at org.apache.maven.index.context.DefaultIndexingContext.merge(DefaultIndexingContext.java:622) ~[indexer-core-3.1.0.jar:3.1.0]
	at org.apache.maven.index.updater.DefaultIndexUpdater.loadIndexDirectory(DefaultIndexUpdater.java:229) ~[indexer-core-3.1.0.jar:3.1.0]
	at org.apache.maven.index.updater.DefaultIndexUpdater.access$300(DefaultIndexUpdater.java:75) ~[indexer-core-3.1.0.jar:3.1.0]
	at org.apache.maven.index.updater.DefaultIndexUpdater$LuceneIndexAdaptor.addIndexChunk(DefaultIndexUpdater.java:639) ~[indexer-core-3.1.0.jar:3.1.0]
	at org.apache.maven.index.updater.DefaultIndexUpdater.fetchAndUpdateIndex(DefaultIndexUpdater.java:803) ~[indexer-core-3.1.0.jar:3.1.0]
	at org.apache.maven.index.updater.DefaultIndexUpdater.fetchAndUpdateIndex(DefaultIndexUpdater.java:156) ~[indexer-core-3.1.0.jar:3.1.0]
	at org.eclipse.m2e.core.internal.index.nexus.NexusIndexManager.updateRemoteIndex(NexusIndexManager.java:1251) [org.eclipse.m2e.core_1.6.0.me201603161722.jar:na]
	at org.eclipse.m2e.core.internal.index.nexus.NexusIndexManager.updateIndex(NexusIndexManager.java:1193) [org.eclipse.m2e.core_1.6.0.me201603161722.jar:na]
	at org.eclipse.m2e.core.internal.index.nexus.NexusIndexManager$1.run(NexusIndexManager.java:703) [org.eclipse.m2e.core_1.6.0.me201603161722.jar:na]
	at org.eclipse.m2e.core.internal.index.nexus.IndexUpdaterJob.run(IndexUpdaterJob.java:72) [org.eclipse.m2e.core_1.6.0.me201603161722.jar:na]
	at org.eclipse.core.internal.jobs.Worker.run(Worker.java:55) [org.eclipse.core.jobs_3.7.0.v20150330-2103.jar:na]
